#
# A fatal error has been detected by the Java Runtime Environment:
#
#  EXCEPTION_ACCESS_VIOLATION (0xc0000005) at pc=0x0000000066bcbd0d, pid=9976, tid=0x0000000000005cc8
#
# JRE version: Java(TM) SE Runtime Environment (8.0_101-b13) (build 1.8.0_101-b13)
# Java VM: Java HotSpot(TM) 64-Bit Server VM (25.101-b13 mixed mode windows-amd64 compressed oops)
# Problematic frame:
# C  [gdx-box2d64.dll+0xbd0d]
#
# Failed to write core dump. Minidumps are not enabled by default on client versions of Windows
#
# If you would like to submit a bug report, please visit:
#   http://bugreport.java.com/bugreport/crash.jsp
# The crash happened outside the Java Virtual Machine in native code.
# See problematic frame for where to report the bug.
#

---------------  T H R E A D  ---------------

Current thread (0x000000001e0c6000):  JavaThread "LWJGL Application" [_thread_in_native, id=23752, stack(0x000000001ef90000,0x000000001f090000)]

siginfo: ExceptionCode=0xc0000005, reading address 0x0000002400000002

Registers:
RAX=0x0000002400000002, RBX=0x000000001eeb9380, RCX=0x000000001eeb9350, RDX=0x00000000000000b8
RSP=0x000000001f08e6c0, RBP=0x0000000000000006, RSI=0x000000001eeb9350, RDI=0x000000001f08e780
R8 =0x000000001eeb9350, R9 =0x0000000000000000, R10=0x0000000000000000, R11=0x0000000000000001
R12=0x0000000000000000, R13=0x000000001c1931a8, R14=0x000000001f08e970, R15=0x000000001e0c6000
RIP=0x0000000066bcbd0d, EFLAGS=0x0000000000010202

Top of Stack: (sp=0x000000001f08e6c0)
0x000000001f08e6c0:   000000001c1931a8 000000001e0c6000
0x000000001f08e6d0:   000000006c9984d8 000000001f4d7130
0x000000001f08e6e0:   0000000000000012 000000001eeb9350
0x000000001f08e6f0:   000000001bad0480 000000001f08e780
0x000000001f08e700:   000000001f08e8c8 0000000000000000
0x000000001f08e710:   000000001c1931a8 0000000066be2483
0x000000001f08e720:   000000001f08e7c0 000000001f08e7c0
0x000000001f08e730:   0000000000000003 000000001c1931a8
0x000000001f08e740:   0000000000000001 000000001bad0480
0x000000001f08e750:   0000000000066df8 0000000066be8616
0x000000001f08e760:   0000000000000000 0000000000066df8
0x000000001f08e770:   000000001f08e8c8 0000000002e15798
0x000000001f08e780:   0000000000000000 0000000000000000
0x000000001f08e790:   0000000000000000 0000000000000000
0x000000001f08e7a0:   0000010100000000 000000001f08e901
0x000000001f08e7b0:   0000000000000000 000000003f800000 

Instructions: (pc=0x0000000066bcbd0d)
0x0000000066bcbced:   48 8d 05 6c a3 05 00 0f b6 1c 18 80 fb 0d 0f b6
0x0000000066bcbcfd:   eb 77 21 48 8d 1c de 48 8b 43 10 48 85 c0 74 3a
0x0000000066bcbd0d:   48 8b 10 48 89 53 10 48 83 c4 28 5b 5e 5f 5d 41
0x0000000066bcbd1d:   5c 41 5d c3 48 8d 15 18 9e 04 00 48 8d 0d 99 9e 


Register to memory mapping:

RAX=0x0000002400000002 is an unknown value
RBX=0x000000001eeb9380 is an unknown value
RCX=0x000000001eeb9350 is an unknown value
RDX=0x00000000000000b8 is an unknown value
RSP=0x000000001f08e6c0 is pointing into the stack for thread: 0x000000001e0c6000
RBP=0x0000000000000006 is an unknown value
RSI=0x000000001eeb9350 is an unknown value
RDI=0x000000001f08e780 is pointing into the stack for thread: 0x000000001e0c6000
R8 =0x000000001eeb9350 is an unknown value
R9 =0x0000000000000000 is an unknown value
R10=0x0000000000000000 is an unknown value
R11=0x0000000000000001 is an unknown value
R12=0x0000000000000000 is an unknown value
R13={method} {0x000000001c1931b0} 'jniCreateBody' '(JIFFFFFFFFZZZZZF)J' in 'com/badlogic/gdx/physics/box2d/World'
R14=0x000000001f08e970 is pointing into the stack for thread: 0x000000001e0c6000
R15=0x000000001e0c6000 is a thread


Stack: [0x000000001ef90000,0x000000001f090000],  sp=0x000000001f08e6c0,  free space=1017k
Native frames: (J=compiled Java code, j=interpreted, Vv=VM code, C=native code)
C  [gdx-box2d64.dll+0xbd0d]
C  [gdx-box2d64.dll+0x22483]
C  [gdx-box2d64.dll+0x28616]
C  0x0000000002e27f54

Java frames: (J=compiled Java code, j=interpreted, Vv=VM code)
j  com.badlogic.gdx.physics.box2d.World.jniCreateBody(JIFFFFFFFFZZZZZF)J+0
j  com.badlogic.gdx.physics.box2d.World.createBody(Lcom/badlogic/gdx/physics/box2d/BodyDef;)Lcom/badlogic/gdx/physics/box2d/Body;+80
j  woohoo.gameobjects.components.HitboxComponent.<init>(Lcom/badlogic/gdx/physics/box2d/World;ZLwoohoo/gameobjects/components/ContactComponent$ContactType;)V+22
j  woohoo.framework.InventoryManager.dropItem(Lcom/badlogic/ashley/core/Entity;)V+158
j  woohoo.framework.InventoryManager$InventorySource.dragStop(Lcom/badlogic/gdx/scenes/scene2d/InputEvent;FFILcom/badlogic/gdx/scenes/scene2d/utils/DragAndDrop$Payload;Lcom/badlogic/gdx/scenes/scene2d/utils/DragAndDrop$Target;)V+55
j  com.badlogic.gdx.scenes.scene2d.utils.DragAndDrop$1.dragStop(Lcom/badlogic/gdx/scenes/scene2d/InputEvent;FFI)V+218
j  com.badlogic.gdx.scenes.scene2d.utils.DragListener.touchUp(Lcom/badlogic/gdx/scenes/scene2d/InputEvent;FFII)V+22
J 1291 C1 com.badlogic.gdx.scenes.scene2d.InputListener.handle(Lcom/badlogic/gdx/scenes/scene2d/Event;)Z (320 bytes) @ 0x0000000003295e04 [0x0000000003294d20+0x10e4]
j  com.badlogic.gdx.scenes.scene2d.Stage.touchUp(IIII)Z+213
j  com.badlogic.gdx.InputMultiplexer.touchUp(IIII)Z+36
J 1195 C1 com.badlogic.gdx.backends.lwjgl.LwjglInput.processEvents()V (478 bytes) @ 0x000000000324cdc4 [0x000000000324c020+0xda4]
j  com.badlogic.gdx.backends.lwjgl.LwjglApplication.mainLoop()V+600
j  com.badlogic.gdx.backends.lwjgl.LwjglApplication$1.run()V+27
v  ~StubRoutines::call_stub

---------------  P R O C E S S  ---------------

Java Threads: ( => current thread )
  0x000000001f215000 JavaThread "LWJGL Timer" daemon [_thread_blocked, id=220, stack(0x000000002ae40000,0x000000002af40000)]
  0x000000001f2ac000 JavaThread "AsynchExecutor-Thread" daemon [_thread_blocked, id=4512, stack(0x000000002a630000,0x000000002a730000)]
  0x0000000002d12800 JavaThread "DestroyJavaVM" [_thread_blocked, id=9096, stack(0x0000000002bb0000,0x0000000002cb0000)]
=>0x000000001e0c6000 JavaThread "LWJGL Application" [_thread_in_native, id=23752, stack(0x000000001ef90000,0x000000001f090000)]
  0x000000001c4cd800 JavaThread "Service Thread" daemon [_thread_blocked, id=4184, stack(0x000000001e1e0000,0x000000001e2e0000)]
  0x000000001c47d000 JavaThread "C1 CompilerThread2" daemon [_thread_blocked, id=23064, stack(0x000000001dce0000,0x000000001dde0000)]
  0x000000001c472800 JavaThread "C2 CompilerThread1" daemon [_thread_blocked, id=14620, stack(0x000000001dbe0000,0x000000001dce0000)]
  0x000000001c470800 JavaThread "C2 CompilerThread0" daemon [_thread_blocked, id=18812, stack(0x000000001dae0000,0x000000001dbe0000)]
  0x000000001c46f000 JavaThread "Attach Listener" daemon [_thread_blocked, id=23792, stack(0x000000001d9e0000,0x000000001dae0000)]
  0x000000001c46d800 JavaThread "Signal Dispatcher" daemon [_thread_blocked, id=14024, stack(0x000000001d8e0000,0x000000001d9e0000)]
  0x000000001c45a800 JavaThread "Finalizer" daemon [_thread_blocked, id=9908, stack(0x000000001d6f0000,0x000000001d7f0000)]
  0x0000000002e01800 JavaThread "Reference Handler" daemon [_thread_blocked, id=19320, stack(0x000000001d5f0000,0x000000001d6f0000)]

Other Threads:
  0x000000001c436000 VMThread [stack: 0x000000001d4f0000,0x000000001d5f0000] [id=15276]
  0x000000001de3a800 WatcherThread [stack: 0x000000001e2e0000,0x000000001e3e0000] [id=23296]

VM state:not at safepoint (normal execution)

VM Mutex/Monitor currently owned by a thread: None

Heap:
 PSYoungGen      total 76288K, used 26416K [0x000000076af00000, 0x0000000770400000, 0x00000007c0000000)
  eden space 65536K, 40% used [0x000000076af00000,0x000000076c8cc130,0x000000076ef00000)
  from space 10752K, 0% used [0x000000076f980000,0x000000076f980000,0x0000000770400000)
  to   space 10752K, 0% used [0x000000076ef00000,0x000000076ef00000,0x000000076f980000)
 ParOldGen       total 175104K, used 0K [0x00000006c0c00000, 0x00000006cb700000, 0x000000076af00000)
  object space 175104K, 0% used [0x00000006c0c00000,0x00000006c0c00000,0x00000006cb700000)
 Metaspace       used 9353K, capacity 9459K, committed 9728K, reserved 1058816K
  class space    used 903K, capacity 944K, committed 1024K, reserved 1048576K

Card table byte_map: [0x00000000121d0000,0x00000000129d0000] byte_map_base: 0x000000000ebca000

Marking Bits: (ParMarkBitMap*) 0x000000006cb7a6d0
 Begin Bits: [0x0000000013330000, 0x0000000017300000)
 End Bits:   [0x0000000017300000, 0x000000001b2d0000)

Polling page: 0x0000000000f90000

CodeCache: size=245760Kb used=4607Kb max_used=4607Kb free=241152Kb
 bounds [0x0000000002e10000, 0x00000000032a0000, 0x0000000011e10000]
 total_blobs=1800 nmethods=1292 adapters=421
 compilation: enabled

Compilation events (10 events):
Event: 20.047 Thread 0x000000001c47d000 1288       3       java.nio.Bits::putLong (21 bytes)
Event: 20.047 Thread 0x000000001c47d000 nmethod 1288 0x000000000328ef50 code [0x000000000328f0c0, 0x000000000328f2b8]
Event: 20.047 Thread 0x000000001c47d000 1289       3       java.nio.HeapByteBuffer::getLong (19 bytes)
Event: 20.048 Thread 0x000000001c47d000 nmethod 1289 0x000000000328e8d0 code [0x000000000328ea60, 0x000000000328ee08]
Event: 20.080 Thread 0x000000001c47d000 1290       1       com.badlogic.gdx.scenes.scene2d.InputEvent::getPointer (5 bytes)
Event: 20.080 Thread 0x000000001c47d000 nmethod 1290 0x000000000328e610 code [0x000000000328e760, 0x000000000328e870]
Event: 20.830 Thread 0x000000001c47d000 1291       3       com.badlogic.gdx.scenes.scene2d.InputListener::handle (320 bytes)
Event: 20.831 Thread 0x000000001c47d000 nmethod 1291 0x0000000003294a50 code [0x0000000003294d20, 0x00000000032964f8]
Event: 20.831 Thread 0x000000001c47d000 1292       3       com.badlogic.gdx.scenes.scene2d.InputEvent::toCoordinates (21 bytes)
Event: 20.832 Thread 0x000000001c47d000 nmethod 1292 0x0000000003293f90 code [0x0000000003294140, 0x00000000032947c8]

GC Heap History (0 events):
No events

Deoptimization events (9 events):
Event: 0.507 Thread 0x000000001e0c6000 Uncommon trap: reason=unstable_if action=reinterpret pc=0x0000000002fa21f4 method=java.lang.String.<init>([CII)V @ 18
Event: 0.610 Thread 0x000000001e0c6000 Uncommon trap: reason=unstable_if action=reinterpret pc=0x0000000003085c28 method=java.lang.CharacterDataLatin1.digit(II)I @ 31
Event: 2.382 Thread 0x000000001e0c6000 Uncommon trap: reason=array_check action=maybe_recompile pc=0x000000000316eb90 method=com.badlogic.gdx.utils.Array.add(Ljava/lang/Object;)V @ 46
Event: 2.449 Thread 0x000000001e0c6000 Uncommon trap: reason=array_check action=maybe_recompile pc=0x000000000316eb90 method=com.badlogic.gdx.utils.Array.add(Ljava/lang/Object;)V @ 46
Event: 2.498 Thread 0x000000001e0c6000 Uncommon trap: reason=unstable_if action=reinterpret pc=0x00000000031702d8 method=com.badlogic.gdx.scenes.scene2d.Actor.hit(FFZ)Lcom/badlogic/gdx/scenes/scene2d/Actor; @ 1
Event: 2.667 Thread 0x000000001e0c6000 Uncommon trap: reason=unstable_if action=reinterpret pc=0x0000000003171cbc method=com.badlogic.gdx.scenes.scene2d.ui.Widget.validate()V @ 79
Event: 3.733 Thread 0x000000001e0c6000 Uncommon trap: reason=array_check action=maybe_recompile pc=0x000000000316eb90 method=com.badlogic.gdx.utils.Array.add(Ljava/lang/Object;)V @ 46
Event: 3.733 Thread 0x000000001e0c6000 Uncommon trap: reason=array_check action=maybe_recompile pc=0x000000000316eb90 method=com.badlogic.gdx.utils.Array.add(Ljava/lang/Object;)V @ 46
Event: 13.275 Thread 0x000000001e0c6000 Uncommon trap: reason=unstable_if action=reinterpret pc=0x000000000323d7fc method=woohoo.framework.contactcommands.ContactCommand.verify(Lwoohoo/framework/contactcommands/ContactData;Lwoohoo/framework/contactcommands/ContactData;)Z @ 8

Internal exceptions (10 events):
Event: 0.098 Thread 0x0000000002d12800 Exception <a 'java/security/PrivilegedActionException'> (0x000000076b241ee0) thrown at [C:\re\workspace\8-2-build-windows-amd64-cygwin\jdk8u101\7261\hotspot\src\share\vm\prims\jvm.cpp, line 1386]
Event: 0.098 Thread 0x0000000002d12800 Exception <a 'java/security/PrivilegedActionException'> (0x000000076b2420f0) thrown at [C:\re\workspace\8-2-build-windows-amd64-cygwin\jdk8u101\7261\hotspot\src\share\vm\prims\jvm.cpp, line 1386]
Event: 0.098 Thread 0x0000000002d12800 Exception <a 'java/security/PrivilegedActionException'> (0x000000076b2443d8) thrown at [C:\re\workspace\8-2-build-windows-amd64-cygwin\jdk8u101\7261\hotspot\src\share\vm\prims\jvm.cpp, line 1386]
Event: 0.098 Thread 0x0000000002d12800 Exception <a 'java/security/PrivilegedActionException'> (0x000000076b2445e8) thrown at [C:\re\workspace\8-2-build-windows-amd64-cygwin\jdk8u101\7261\hotspot\src\share\vm\prims\jvm.cpp, line 1386]
Event: 0.175 Thread 0x0000000002d12800 Exception <a 'java/security/PrivilegedActionException'> (0x000000076b4109a0) thrown at [C:\re\workspace\8-2-build-windows-amd64-cygwin\jdk8u101\7261\hotspot\src\share\vm\prims\jvm.cpp, line 1386]
Event: 0.175 Thread 0x0000000002d12800 Exception <a 'java/security/PrivilegedActionException'> (0x000000076b412678) thrown at [C:\re\workspace\8-2-build-windows-amd64-cygwin\jdk8u101\7261\hotspot\src\share\vm\prims\jvm.cpp, line 1386]
Event: 0.175 Thread 0x0000000002d12800 Exception <a 'java/security/PrivilegedActionException'> (0x000000076b4137e8) thrown at [C:\re\workspace\8-2-build-windows-amd64-cygwin\jdk8u101\7261\hotspot\src\share\vm\prims\jvm.cpp, line 1386]
Event: 0.176 Thread 0x0000000002d12800 Exception <a 'java/security/PrivilegedActionException'> (0x000000076b418950) thrown at [C:\re\workspace\8-2-build-windows-amd64-cygwin\jdk8u101\7261\hotspot\src\share\vm\prims\jvm.cpp, line 1386]
Event: 0.176 Thread 0x0000000002d12800 Exception <a 'java/security/PrivilegedActionException'> (0x000000076b4195a8) thrown at [C:\re\workspace\8-2-build-windows-amd64-cygwin\jdk8u101\7261\hotspot\src\share\vm\prims\jvm.cpp, line 1386]
Event: 0.176 Thread 0x0000000002d12800 Exception <a 'java/security/PrivilegedActionException'> (0x000000076b41a1d0) thrown at [C:\re\workspace\8-2-build-windows-amd64-cygwin\jdk8u101\7261\hotspot\src\share\vm\prims\jvm.cpp, line 1386]

Events (10 events):
Event: 3.733 Thread 0x000000001e0c6000 DEOPT PACKING pc=0x000000000316eb90 sp=0x000000001f08eca0
Event: 3.733 Thread 0x000000001e0c6000 DEOPT UNPACKING pc=0x0000000002e5582a sp=0x000000001f08ec30 mode 2
Event: 3.733 Thread 0x000000001e0c6000 Uncommon trap: trap_request=0xffffffd6 fr.pc=0x000000000316eb90
Event: 3.733 Thread 0x000000001e0c6000 DEOPT PACKING pc=0x000000000316eb90 sp=0x000000001f08eca0
Event: 3.733 Thread 0x000000001e0c6000 DEOPT UNPACKING pc=0x0000000002e5582a sp=0x000000001f08ec30 mode 2
Event: 4.077 Executing VM operation: EnableBiasedLocking
Event: 4.077 Executing VM operation: EnableBiasedLocking done
Event: 13.275 Thread 0x000000001e0c6000 Uncommon trap: trap_request=0xffffff65 fr.pc=0x000000000323d7fc
Event: 13.275 Thread 0x000000001e0c6000 DEOPT PACKING pc=0x000000000323d7fc sp=0x000000001f08ec20
Event: 13.275 Thread 0x000000001e0c6000 DEOPT UNPACKING pc=0x0000000002e5582a sp=0x000000001f08ebb8 mode 2


Dynamic libraries:
0x00007ff64bde0000 - 0x00007ff64be17000 	E:\JDK-8u101\bin\java.exe
0x00007ffc9cbe0000 - 0x00007ffc9cdb1000 	C:\WINDOWS\SYSTEM32\ntdll.dll
0x00007ffc9a970000 - 0x00007ffc9aa1b000 	C:\WINDOWS\System32\KERNEL32.DLL
0x00007ffc990d0000 - 0x00007ffc992ed000 	C:\WINDOWS\System32\KERNELBASE.dll
0x00007ffc9b320000 - 0x00007ffc9b3c2000 	C:\WINDOWS\System32\ADVAPI32.dll
0x00007ffc9b3d0000 - 0x00007ffc9b46e000 	C:\WINDOWS\System32\msvcrt.dll
0x00007ffc9af20000 - 0x00007ffc9af79000 	C:\WINDOWS\System32\sechost.dll
0x00007ffc9a2c0000 - 0x00007ffc9a3e1000 	C:\WINDOWS\System32\RPCRT4.dll
0x00007ffc9aa20000 - 0x00007ffc9ab85000 	C:\WINDOWS\System32\USER32.dll
0x00007ffc992f0000 - 0x00007ffc9930e000 	C:\WINDOWS\System32\win32u.dll
0x00007ffc9a930000 - 0x00007ffc9a964000 	C:\WINDOWS\System32\GDI32.dll
0x00007ffc99fe0000 - 0x00007ffc9a162000 	C:\WINDOWS\System32\gdi32full.dll
0x00007ffc91f70000 - 0x00007ffc921e9000 	C:\WINDOWS\WinSxS\amd64_microsoft.windows.common-controls_6595b64144ccf1df_6.0.14393.447_none_42191651c6827bb3\COMCTL32.dll
0x00007ffc9ac50000 - 0x00007ffc9af18000 	C:\WINDOWS\System32\combase.dll
0x00007ffc99430000 - 0x00007ffc99525000 	C:\WINDOWS\System32\ucrtbase.dll
0x00007ffc993c0000 - 0x00007ffc9942a000 	C:\WINDOWS\System32\bcryptPrimitives.dll
0x00007ffc9a3f0000 - 0x00007ffc9a41e000 	C:\WINDOWS\System32\IMM32.DLL
0x000000006c280000 - 0x000000006c352000 	E:\JDK-8u101\jre\bin\msvcr100.dll
0x000000006c360000 - 0x000000006cbfa000 	E:\JDK-8u101\jre\bin\server\jvm.dll
0x00007ffc9a170000 - 0x00007ffc9a178000 	C:\WINDOWS\System32\PSAPI.DLL
0x00007ffc973a0000 - 0x00007ffc973c3000 	C:\WINDOWS\SYSTEM32\WINMM.dll
0x00007ffc94880000 - 0x00007ffc9488a000 	C:\WINDOWS\SYSTEM32\VERSION.dll
0x00007ffc7e2f0000 - 0x00007ffc7e2f9000 	C:\WINDOWS\SYSTEM32\WSOCK32.dll
0x00007ffc9b210000 - 0x00007ffc9b27a000 	C:\WINDOWS\System32\WS2_32.dll
0x00007ffc97310000 - 0x00007ffc9733b000 	C:\WINDOWS\SYSTEM32\WINMMBASE.dll
0x00007ffc99f90000 - 0x00007ffc99fd2000 	C:\WINDOWS\System32\cfgmgr32.dll
0x000000006c230000 - 0x000000006c23f000 	E:\JDK-8u101\jre\bin\verify.dll
0x000000006c200000 - 0x000000006c229000 	E:\JDK-8u101\jre\bin\java.dll
0x000000006c1e0000 - 0x000000006c1f6000 	E:\JDK-8u101\jre\bin\zip.dll
0x00007ffc9b6d0000 - 0x00007ffc9cbd9000 	C:\WINDOWS\System32\SHELL32.dll
0x00007ffc996e0000 - 0x00007ffc99dba000 	C:\WINDOWS\System32\windows.storage.dll
0x00007ffc99070000 - 0x00007ffc990bc000 	C:\WINDOWS\System32\powrprof.dll
0x00007ffc9a8d0000 - 0x00007ffc9a922000 	C:\WINDOWS\System32\shlwapi.dll
0x00007ffc990c0000 - 0x00007ffc990cf000 	C:\WINDOWS\System32\kernel.appcore.dll
0x00007ffc995d0000 - 0x00007ffc99679000 	C:\WINDOWS\System32\shcore.dll
0x00007ffc99040000 - 0x00007ffc99054000 	C:\WINDOWS\System32\profapi.dll
0x0000000065580000 - 0x0000000065616000 	C:\Users\jordan\AppData\Local\Temp\libgdxjordan\a9daadd6\gdx64.dll
0x00007ffc98b10000 - 0x00007ffc98b27000 	C:\WINDOWS\SYSTEM32\CRYPTSP.dll
0x00007ffc98580000 - 0x00007ffc985b3000 	C:\WINDOWS\system32\rsaenh.dll
0x00007ffc98c20000 - 0x00007ffc98c4b000 	C:\WINDOWS\SYSTEM32\bcrypt.dll
0x00007ffc987f0000 - 0x00007ffc9880f000 	C:\WINDOWS\SYSTEM32\USERENV.dll
0x00007ffc98b30000 - 0x00007ffc98b3b000 	C:\WINDOWS\SYSTEM32\CRYPTBASE.dll
0x000000006c1c0000 - 0x000000006c1da000 	E:\JDK-8u101\jre\bin\net.dll
0x00007ffc98970000 - 0x00007ffc989cc000 	C:\WINDOWS\system32\mswsock.dll
0x00007ffc98700000 - 0x00007ffc98738000 	C:\WINDOWS\SYSTEM32\IPHLPAPI.DLL
0x00007ffc9b0e0000 - 0x00007ffc9b0e8000 	C:\WINDOWS\System32\NSI.dll
0x00007ffc92650000 - 0x00007ffc92666000 	C:\WINDOWS\SYSTEM32\dhcpcsvc6.DLL
0x00007ffc92630000 - 0x00007ffc9264a000 	C:\WINDOWS\SYSTEM32\dhcpcsvc.DLL
0x000000006c1a0000 - 0x000000006c1b1000 	E:\JDK-8u101\jre\bin\nio.dll
0x0000000180000000 - 0x0000000180053000 	C:\Users\jordan\AppData\Local\Temp\libgdxjordan\dc0f0009\lwjgl64.dll
0x00007ffc8ef20000 - 0x00007ffc8f043000 	C:\WINDOWS\SYSTEM32\OPENGL32.dll
0x00007ffc91830000 - 0x00007ffc9185d000 	C:\WINDOWS\SYSTEM32\GLU32.dll
0x00007ffc90450000 - 0x00007ffc90547000 	C:\WINDOWS\SYSTEM32\DDRAW.dll
0x00007ffc905b0000 - 0x00007ffc905b8000 	C:\WINDOWS\SYSTEM32\DCIMAN32.dll
0x000000001e720000 - 0x000000001e784000 	C:\Users\jordan\AppData\Local\Temp\libgdxjordan\dc0f0009\OpenAL64.dll
0x00007ffc9a180000 - 0x00007ffc9a2b7000 	C:\WINDOWS\System32\ole32.dll
0x00007ffc97720000 - 0x00007ffc977b5000 	C:\WINDOWS\system32\uxtheme.dll
0x00007ffc6c5f0000 - 0x00007ffc6c68e000 	C:\Program Files\Echobit\Evolve\Drivers\EvolveGameTracker_64.dll
0x00007ffc902e0000 - 0x00007ffc9030c000 	C:\PROGRA~2\RAPTRI~1\Raptr\ltc_help64-116716.dll
0x00007ffc99680000 - 0x00007ffc996d5000 	C:\WINDOWS\System32\WINTRUST.dll
0x00007ffc99060000 - 0x00007ffc99070000 	C:\WINDOWS\System32\MSASN1.dll
0x00007ffc99dc0000 - 0x00007ffc99f89000 	C:\WINDOWS\System32\CRYPT32.dll
0x00007ffc9b280000 - 0x00007ffc9b31f000 	C:\WINDOWS\System32\clbcatq.dll
0x00007ffc96250000 - 0x00007ffc963d5000 	C:\WINDOWS\System32\PROPSYS.dll
0x00007ffc9ab90000 - 0x00007ffc9ac4f000 	C:\WINDOWS\System32\OLEAUT32.dll
0x00007ffc99530000 - 0x00007ffc995cc000 	C:\WINDOWS\System32\msvcp_win.dll
0x00007ffc6c750000 - 0x00007ffc6c7eb000 	C:\WINDOWS\SYSTEM32\dsound.dll
0x00007ffc92ee0000 - 0x00007ffc92f51000 	C:\WINDOWS\System32\MMDevApi.dll
0x00007ffc97cf0000 - 0x00007ffc97d18000 	C:\WINDOWS\System32\DEVOBJ.dll
0x00007ffc918d0000 - 0x00007ffc91964000 	C:\WINDOWS\SYSTEM32\AUDIOSES.DLL
0x00007ffc956c0000 - 0x00007ffc957f6000 	C:\WINDOWS\SYSTEM32\wintypes.dll
0x00007ffc9af80000 - 0x00007ffc9b0db000 	C:\WINDOWS\System32\MSCTF.dll
0x00007ffc96ae0000 - 0x00007ffc96b06000 	C:\WINDOWS\system32\dwmapi.dll
0x00007ffc915a0000 - 0x00007ffc915bf000 	C:\WINDOWS\System32\DriverStore\FileRepository\c0309377.inf_amd64_7ab08912e1e1da0a\atig6pxx.dll
0x0000000069e90000 - 0x000000006bf17000 	C:\WINDOWS\System32\DriverStore\FileRepository\c0309377.inf_amd64_7ab08912e1e1da0a\atio6axx.dll
0x00007ffc9a420000 - 0x00007ffc9a849000 	C:\WINDOWS\System32\SETUPAPI.dll
0x00007ffc85d80000 - 0x00007ffc85ed1000 	C:\WINDOWS\SYSTEM32\atiadlxx.dll
0x00007ffc95f40000 - 0x00007ffc95f53000 	C:\WINDOWS\SYSTEM32\WTSAPI32.dll
0x00007ffc903f0000 - 0x00007ffc90423000 	C:\WINDOWS\System32\DriverStore\FileRepository\c0309377.inf_amd64_7ab08912e1e1da0a\atig6txx.dll
0x00007ffc71610000 - 0x00007ffc716a1000 	C:\WINDOWS\SYSTEM32\mscms.dll
0x00007ffc8a940000 - 0x00007ffc8a982000 	C:\WINDOWS\SYSTEM32\icm32.dll
0x0000000066bc0000 - 0x0000000066c7b000 	C:\Users\jordan\AppData\Local\Temp\libgdxjordan\6812b6ed\gdx-box2d64.dll
0x00007ffc8d420000 - 0x00007ffc8d5b2000 	C:\WINDOWS\SYSTEM32\dbghelp.dll

VM Arguments:
jvm_args: -Dfile.encoding=windows-1252 -Duser.country=US -Duser.language=en -Duser.variant 
java_command: woohoo.msjgame.desktop.DesktopLauncher
java_class_path (initial): E:\Java Projects\MSJGame\MSJGame\desktop\build\classes\main;E:\Java Projects\MSJGame\MSJGame\desktop\build\resources\main;E:\Java Projects\MSJGame\MSJGame\core\build\libs\core-1.0.jar;C:\Users\jordan\.gradle\caches\modules-2\files-2.1\com.badlogicgames.gdx\gdx-backend-lwjgl\1.9.5\ad5223b755809a92f44e7f6208f4af6a3b39dcc0\gdx-backend-lwjgl-1.9.5.jar;C:\Users\jordan\.gradle\caches\modules-2\files-2.1\com.badlogicgames.gdx\gdx-platform\1.9.5\bc0c7ee7fca96eb3c691b5a87cf11fd4d9f1bab6\gdx-platform-1.9.5-natives-desktop.jar;C:\Users\jordan\.gradle\caches\modules-2\files-2.1\com.badlogicgames.gdx\gdx-box2d-platform\1.9.5\949c188c91f775dd9f17725989dfc20e1be44f76\gdx-box2d-platform-1.9.5-natives-desktop.jar;C:\Users\jordan\.gradle\caches\modules-2\files-2.1\com.badlogicgames.gdx\gdx-tools\1.9.5\109d3aa13706864faa22d469421e11db99957cef\gdx-tools-1.9.5.jar;C:\Users\jordan\.gradle\caches\modules-2\files-2.1\com.badlogicgames.gdx\gdx\1.9.5\dc65bb2f51828c58b1b2b3ac585357204d54ee5f\gdx-1.9.5.jar;C:\Users\jordan\.gradle\caches\modules-2\files-2.1\com.badlogicgames.gdx\gdx-box2d\1.9.5\c8098219abfe00b849cc43d461b1105fea3a2944\gdx-box2d-1.9.5.jar;C:\Users\jordan\.gradle\caches\modules-2\files-2.1\com.badlogicgames.box2dlights\box2dlights\1.4\3d77ad5b4164fb32fc67e2446e35911bb0aaf0bd\box2dlights-1.4.jar;C:\Users\jordan\.gradle\caches\modules-2\files-2.1\com.badlogicgames.ashley\ashley\1.7.0\a7c4083c0a42027a3c03ba7ccecef6cbe1c5f0a4\ashley-1.7.0.jar;C:\Users\jordan\.gradle\caches\modules-2\files-2.1\com.badlogicgames.gdx\gdx-ai\1.8.0\ec30677d8ab1a8b8aa4b853c5f4e4b1361f50bf5\gdx-ai-1.8.0.jar;C:\Users\jordan\.gradle\caches\modules-2\files-2.1\org.lwjgl.lwjgl\lwjgl\2.9.2\a9d80fe5935c7a9149f6584d9777cfd471f65489\lwjgl-2.9.2.jar;C:\Users\jordan\.gradle\caches\modules-2\files-2.1\org.lwjgl.lwjgl\lwjgl_util\2.9.2\4b9e37300a87799856e0bd15ed81663cdb6b0947\lwjgl_util-2.9.2.jar;C:\Users\jordan\.gradle\caches\modules-2\files-2.1\com.badlogicgames.jlayer\jlayer\1.0.1-gdx\7cc
Launcher Type: SUN_STANDARD

Environment Variables:
PATH=C:\ProgramData\Oracle\Java\javapath;C:\Program Files (x86)\Intel\iCLS Client\;C:\Program Files\Intel\iCLS Client\;C:\WINDOWS\system32;C:\WINDOWS;C:\WINDOWS\System32\Wbem;C:\WINDOWS\System32\WindowsPowerShell\v1.0\;C:\Program Files\Intel\Intel(R) Management Engine Components\DAL;C:\Program Files (x86)\Intel\Intel(R) Management Engine Components\DAL;C:\Program Files\Intel\Intel(R) Management Engine Components\IPT;C:\Program Files (x86)\Intel\Intel(R) Management Engine Components\IPT;C:\Program Files (x86)\ATI Technologies\ATI.ACE\Core-Static;C:\Program Files (x86)\Windows Kits\8.1\Windows Performance Toolkit\;C:\Program Files\Microsoft SQL Server\110\Tools\Binn\;C:\Program Files (x86)\Microsoft SDKs\TypeScript\1.0\;C:\Program Files\Microsoft SQL Server\120\Tools\Binn\;C:\Program Files\Common Files\Autodesk Shared\;C:\Program Files (x86)\Autodesk\Backburner\;C:\Program Files (x86)\Skype\Phone\;E:\Program Files (x86)\QuickTime\QTSystem\;C:\Program Files\Microsoft\Web Platform Installer\;C:\Users\jordan\.dnx\bin;C:\Users\jordan\AppData\Local\Microsoft\WindowsApps;E:\Program Files (x86)\CMake\bin
USERNAME=jordan
OS=Windows_NT
PROCESSOR_IDENTIFIER=Intel64 Family 6 Model 60 Stepping 3, GenuineIntel



---------------  S Y S T E M  ---------------

OS: Windows 10.0 , 64 bit Build 14393 (10.0.14393.0)

CPU:total 4 (4 cores per cpu, 1 threads per core) family 6 model 60 stepping 3, cmov, cx8, fxsr, mmx, sse, sse2, sse3, ssse3, sse4.1, sse4.2, popcnt, avx, avx2, aes, clmul, erms, lzcnt, tsc, tscinvbit, bmi1, bmi2

Memory: 4k page, physical 16726684k(6529356k free), swap 25639580k(3110044k free)

vm_info: Java HotSpot(TM) 64-Bit Server VM (25.101-b13) for windows-amd64 JRE (1.8.0_101-b13), built on Jun 22 2016 01:21:29 by "java_re" with MS VC++ 10.0 (VS2010)

time: Mon Mar 20 20:07:21 2017
elapsed time: 20 seconds (0d 0h 0m 20s)

